<?xml version="1.0" encoding="utf-8"?><testsuites><testsuite name="pytest" errors="0" failures="0" skipped="0" tests="6" time="3.344" timestamp="2024-09-13T10:59:17.494485+00:00" hostname="alov73-memsstorage-7jdv9fb0gvx"><testcase classname="app.tests.test_memes" name="test_protected_routes" time="0.370" /><testcase classname="app.tests.test_memes" name="test_new_meme_post" time="0.306" /><testcase classname="app.tests.test_memes" name="test_new_meme_without_file" time="0.287" /><testcase classname="app.tests.test_memes" name="test_new_meme_without_name" time="0.294" /><testcase classname="app.tests.test_memes" name="test_meme_update" time="0.575" /><testcase classname="app.tests.test_memes" name="test_meme_delete" time="0.299" /></testsuite></testsuites>